{"level":"error","timestamp":"Mar-09-2024 19:02:02"}
{"level":"error","timestamp":"Mar-09-2024 19:02:40"}
{"level":"error","timestamp":"Mar-09-2024 19:03:13"}
{"level":"error","message":"Illegal arguments: undefined, string","timestamp":"Mar-09-2024 19:03:28"}
{"level":"error","message":"User validation failed: username: Path `username` is required., role: Path `role` is required.","timestamp":"Mar-09-2024 19:04:24"}
{"level":"error","message":"Booking validation failed: room: Path `room` is required.","timestamp":"Mar-09-2024 19:09:14"}
{"level":"error","message":"Cast to ObjectId failed for value \"65ec6692926095c1712b68167\" (type string) at path \"_id\" for model \"Booking\"","timestamp":"Mar-09-2024 19:09:46"}
{"level":"error","message":"E11000 duplicate key error collection: test.courses index: code_1 dup key: { code: \"A003\" }","timestamp":"Mar-09-2024 19:17:45"}
{"level":"error","message":"E11000 duplicate key error collection: test.courses index: code_1 dup key: { code: \"A003\" }","timestamp":"Mar-09-2024 19:17:59"}
{"level":"error","message":"Cast to ObjectId failed for value \":idd\" (type string) at path \"_id\" for model \"Notification\"","timestamp":"Mar-09-2024 19:20:04"}
{"level":"error","message":"Timetable validation failed: faculty: Path `faculty` is required.","timestamp":"Mar-09-2024 19:20:48"}
{"level":"error","message":"Cannot read properties of undefined (reading 'toString')","timestamp":"Mar-09-2024 19:50:47"}
{"level":"error","message":"Cannot read properties of undefined (reading 'toString')","timestamp":"Mar-09-2024 19:52:26"}
{"level":"error","message":"Course is not a constructor","timestamp":"Mar-09-2024 20:15:35"}
{"level":"error","message":"User validation failed: role: `student` is not a valid enum value for path `role`.","timestamp":"Mar-09-2024 20:38:33"}
{"level":"error","message":"User validation failed: role: `student` is not a valid enum value for path `role`.","timestamp":"Mar-09-2024 20:38:33"}
{"level":"error","message":"User validation failed: role: `student` is not a valid enum value for path `role`.","timestamp":"Mar-09-2024 20:38:33"}
{"level":"error","message":"User validation failed: role: `student` is not a valid enum value for path `role`.","timestamp":"Mar-09-2024 20:38:34"}
{"level":"error","message":"User validation failed: role: `student` is not a valid enum value for path `role`.","timestamp":"Mar-09-2024 20:38:35"}
{"level":"error","message":"User validation failed: role: `student` is not a valid enum value for path `role`.","timestamp":"Mar-09-2024 20:38:36"}
{"level":"error","message":"User validation failed: role: `student` is not a valid enum value for path `role`.","timestamp":"Mar-09-2024 20:38:36"}
{"level":"error","message":"User validation failed: role: `student` is not a valid enum value for path `role`.","timestamp":"Mar-09-2024 20:38:36"}
{"level":"error","message":"User validation failed: role: `student` is not a valid enum value for path `role`.","timestamp":"Mar-09-2024 20:38:37"}
{"level":"error","message":"User validation failed: role: `student` is not a valid enum value for path `role`.","timestamp":"Mar-09-2024 20:38:37"}
{"level":"error","message":"User validation failed: role: `student` is not a valid enum value for path `role`.","timestamp":"Mar-09-2024 20:38:37"}
{"level":"error","message":"User validation failed: role: `student` is not a valid enum value for path `role`.","timestamp":"Mar-09-2024 20:38:37"}
{"level":"error","message":"User validation failed: role: `student` is not a valid enum value for path `role`.","timestamp":"Mar-09-2024 20:38:38"}
{"level":"error","message":"User validation failed: role: `student` is not a valid enum value for path `role`.","timestamp":"Mar-09-2024 20:38:38"}
{"level":"error","message":"User validation failed: role: `student` is not a valid enum value for path `role`.","timestamp":"Mar-09-2024 20:38:38"}
{"level":"error","message":"User validation failed: role: `student` is not a valid enum value for path `role`.","timestamp":"Mar-09-2024 20:38:39"}
{"level":"error","message":"User validation failed: role: `student` is not a valid enum value for path `role`.","timestamp":"Mar-09-2024 20:38:39"}
{"level":"error","message":"User validation failed: role: `student` is not a valid enum value for path `role`.","timestamp":"Mar-09-2024 20:38:39"}
{"level":"error","message":"User validation failed: role: `student` is not a valid enum value for path `role`.","timestamp":"Mar-09-2024 20:38:40"}
{"level":"error","message":"User validation failed: role: `student` is not a valid enum value for path `role`.","timestamp":"Mar-09-2024 20:38:41"}
{"level":"error","message":"User validation failed: role: `student` is not a valid enum value for path `role`.","timestamp":"Mar-09-2024 20:38:41"}
{"level":"error","message":"User validation failed: role: `student` is not a valid enum value for path `role`.","timestamp":"Mar-09-2024 20:38:42"}
{"level":"error","message":"User validation failed: role: `student` is not a valid enum value for path `role`.","timestamp":"Mar-09-2024 20:38:42"}
{"level":"error","message":"User validation failed: role: `student` is not a valid enum value for path `role`.","timestamp":"Mar-09-2024 20:38:43"}
{"level":"error","message":"User validation failed: role: `student` is not a valid enum value for path `role`.","timestamp":"Mar-09-2024 20:38:43"}
{"level":"error","message":"User validation failed: role: `student` is not a valid enum value for path `role`.","timestamp":"Mar-09-2024 20:38:44"}
{"level":"error","message":"User validation failed: role: `student` is not a valid enum value for path `role`.","timestamp":"Mar-09-2024 20:38:44"}
{"level":"error","message":"User validation failed: role: `student` is not a valid enum value for path `role`.","timestamp":"Mar-09-2024 20:38:44"}
{"level":"error","message":"User validation failed: role: `student` is not a valid enum value for path `role`.","timestamp":"Mar-09-2024 20:38:46"}
{"level":"error","message":"User validation failed: role: `student` is not a valid enum value for path `role`.","timestamp":"Mar-09-2024 20:38:46"}
{"level":"error","message":"User validation failed: role: `student` is not a valid enum value for path `role`.","timestamp":"Mar-09-2024 20:38:47"}
{"level":"error","message":"User validation failed: role: `student` is not a valid enum value for path `role`.","timestamp":"Mar-09-2024 20:38:47"}
{"level":"error","message":"User validation failed: role: `student` is not a valid enum value for path `role`.","timestamp":"Mar-09-2024 20:38:48"}
{"level":"error","message":"User validation failed: role: `student` is not a valid enum value for path `role`.","timestamp":"Mar-09-2024 20:38:48"}
{"level":"error","message":"User validation failed: role: `student` is not a valid enum value for path `role`.","timestamp":"Mar-09-2024 20:38:49"}
{"level":"error","message":"User validation failed: role: `student` is not a valid enum value for path `role`.","timestamp":"Mar-09-2024 20:38:49"}
{"level":"error","message":"User validation failed: role: `student` is not a valid enum value for path `role`.","timestamp":"Mar-09-2024 20:38:49"}
{"level":"error","message":"User validation failed: role: `student` is not a valid enum value for path `role`.","timestamp":"Mar-09-2024 20:38:50"}
{"level":"error","message":"User validation failed: role: `student` is not a valid enum value for path `role`.","timestamp":"Mar-09-2024 20:38:50"}
{"level":"error","message":"User validation failed: role: `student` is not a valid enum value for path `role`.","timestamp":"Mar-09-2024 20:38:51"}
{"level":"error","message":"User validation failed: role: `student` is not a valid enum value for path `role`.","timestamp":"Mar-09-2024 20:38:52"}
{"level":"error","message":"User validation failed: role: `student` is not a valid enum value for path `role`.","timestamp":"Mar-09-2024 20:38:52"}
{"level":"error","message":"User validation failed: role: `student` is not a valid enum value for path `role`.","timestamp":"Mar-09-2024 20:38:52"}
{"level":"error","message":"User validation failed: role: `student` is not a valid enum value for path `role`.","timestamp":"Mar-09-2024 20:38:53"}
{"level":"error","message":"User validation failed: role: `student` is not a valid enum value for path `role`.","timestamp":"Mar-09-2024 20:38:53"}
{"level":"error","message":"User validation failed: role: `student` is not a valid enum value for path `role`.","timestamp":"Mar-09-2024 20:38:54"}
{"level":"error","message":"User validation failed: role: `student` is not a valid enum value for path `role`.","timestamp":"Mar-09-2024 20:38:54"}
{"level":"error","message":"User validation failed: role: `student` is not a valid enum value for path `role`.","timestamp":"Mar-09-2024 20:38:55"}
{"level":"error","message":"User validation failed: role: `student` is not a valid enum value for path `role`.","timestamp":"Mar-09-2024 20:38:55"}
{"level":"error","message":"User validation failed: role: `student` is not a valid enum value for path `role`.","timestamp":"Mar-09-2024 20:38:55"}
{"level":"error","message":"User validation failed: role: `student` is not a valid enum value for path `role`.","timestamp":"Mar-09-2024 20:38:55"}
{"level":"error","message":"User validation failed: role: `student` is not a valid enum value for path `role`.","timestamp":"Mar-09-2024 20:38:56"}
{"level":"error","message":"User validation failed: role: `student` is not a valid enum value for path `role`.","timestamp":"Mar-09-2024 20:38:57"}
{"level":"error","message":"User validation failed: role: `student` is not a valid enum value for path `role`.","timestamp":"Mar-09-2024 20:38:58"}
{"level":"error","message":"User validation failed: role: `student` is not a valid enum value for path `role`.","timestamp":"Mar-09-2024 20:38:58"}
{"level":"error","message":"User validation failed: role: `student` is not a valid enum value for path `role`.","timestamp":"Mar-09-2024 20:38:58"}
{"level":"error","message":"User validation failed: role: `student` is not a valid enum value for path `role`.","timestamp":"Mar-09-2024 20:38:58"}
{"level":"error","message":"User validation failed: role: `student` is not a valid enum value for path `role`.","timestamp":"Mar-09-2024 20:38:59"}
{"level":"error","message":"User validation failed: role: `student` is not a valid enum value for path `role`.","timestamp":"Mar-09-2024 20:38:59"}
{"level":"error","message":"User validation failed: role: `student` is not a valid enum value for path `role`.","timestamp":"Mar-09-2024 20:38:59"}
{"level":"error","message":"User validation failed: role: `student` is not a valid enum value for path `role`.","timestamp":"Mar-09-2024 20:39:00"}
{"level":"error","message":"User validation failed: role: `student` is not a valid enum value for path `role`.","timestamp":"Mar-09-2024 20:39:01"}
{"level":"error","message":"User validation failed: role: `student` is not a valid enum value for path `role`.","timestamp":"Mar-09-2024 20:39:01"}
{"level":"error","message":"User validation failed: role: `student` is not a valid enum value for path `role`.","timestamp":"Mar-09-2024 20:39:01"}
{"level":"error","message":"User validation failed: role: `student` is not a valid enum value for path `role`.","timestamp":"Mar-09-2024 20:39:02"}
{"level":"error","message":"User validation failed: role: `student` is not a valid enum value for path `role`.","timestamp":"Mar-09-2024 20:39:02"}
{"level":"error","message":"User validation failed: role: `student` is not a valid enum value for path `role`.","timestamp":"Mar-09-2024 20:39:03"}
{"level":"error","message":"User validation failed: role: `student` is not a valid enum value for path `role`.","timestamp":"Mar-09-2024 20:39:03"}
{"level":"error","message":"User validation failed: role: `student` is not a valid enum value for path `role`.","timestamp":"Mar-09-2024 20:39:03"}
{"level":"error","message":"User validation failed: role: `student` is not a valid enum value for path `role`.","timestamp":"Mar-09-2024 20:39:03"}
{"level":"error","message":"User validation failed: role: `student` is not a valid enum value for path `role`.","timestamp":"Mar-09-2024 20:39:04"}
{"level":"error","message":"User validation failed: role: `student` is not a valid enum value for path `role`.","timestamp":"Mar-09-2024 20:39:05"}
{"level":"error","message":"User validation failed: role: `student` is not a valid enum value for path `role`.","timestamp":"Mar-09-2024 20:39:06"}
{"level":"error","message":"User validation failed: role: `student` is not a valid enum value for path `role`.","timestamp":"Mar-09-2024 20:39:06"}
{"level":"error","message":"User validation failed: role: `student` is not a valid enum value for path `role`.","timestamp":"Mar-09-2024 20:39:07"}
{"level":"error","message":"User validation failed: role: `student` is not a valid enum value for path `role`.","timestamp":"Mar-09-2024 20:39:07"}
{"level":"error","message":"User validation failed: role: `student` is not a valid enum value for path `role`.","timestamp":"Mar-09-2024 20:39:07"}
{"level":"error","message":"User validation failed: role: `student` is not a valid enum value for path `role`.","timestamp":"Mar-09-2024 20:39:07"}
{"level":"error","message":"User validation failed: role: `student` is not a valid enum value for path `role`.","timestamp":"Mar-09-2024 20:39:08"}
{"level":"error","message":"User validation failed: role: `student` is not a valid enum value for path `role`.","timestamp":"Mar-09-2024 20:39:08"}
{"level":"error","message":"User validation failed: role: `student` is not a valid enum value for path `role`.","timestamp":"Mar-09-2024 20:39:08"}
{"level":"error","message":"User validation failed: role: `student` is not a valid enum value for path `role`.","timestamp":"Mar-09-2024 20:39:09"}
{"level":"error","message":"User validation failed: role: `student` is not a valid enum value for path `role`.","timestamp":"Mar-09-2024 20:39:09"}
{"level":"error","message":"User validation failed: role: `student` is not a valid enum value for path `role`.","timestamp":"Mar-09-2024 20:39:10"}
{"level":"error","message":"User validation failed: role: `student` is not a valid enum value for path `role`.","timestamp":"Mar-09-2024 20:39:10"}
{"level":"error","message":"User validation failed: role: `student` is not a valid enum value for path `role`.","timestamp":"Mar-09-2024 20:39:11"}
{"level":"error","message":"User validation failed: role: `student` is not a valid enum value for path `role`.","timestamp":"Mar-09-2024 20:39:11"}
{"level":"error","message":"User validation failed: role: `student` is not a valid enum value for path `role`.","timestamp":"Mar-09-2024 20:39:12"}
{"level":"error","message":"User validation failed: role: `student` is not a valid enum value for path `role`.","timestamp":"Mar-09-2024 20:39:13"}
{"level":"error","message":"User validation failed: role: `student` is not a valid enum value for path `role`.","timestamp":"Mar-09-2024 20:39:13"}
{"level":"error","message":"User validation failed: role: `student` is not a valid enum value for path `role`.","timestamp":"Mar-09-2024 20:39:14"}
{"level":"error","message":"User validation failed: role: `student` is not a valid enum value for path `role`.","timestamp":"Mar-09-2024 20:39:15"}
{"level":"error","message":"User validation failed: role: `student` is not a valid enum value for path `role`.","timestamp":"Mar-09-2024 20:39:15"}
{"level":"error","message":"User validation failed: role: `student` is not a valid enum value for path `role`.","timestamp":"Mar-09-2024 20:39:16"}
{"level":"error","message":"User validation failed: role: `student` is not a valid enum value for path `role`.","timestamp":"Mar-09-2024 20:39:16"}
{"level":"error","message":"User validation failed: role: `student` is not a valid enum value for path `role`.","timestamp":"Mar-09-2024 20:39:16"}
{"level":"error","message":"User validation failed: role: `student` is not a valid enum value for path `role`.","timestamp":"Mar-09-2024 20:39:17"}
{"level":"error","message":"User validation failed: role: `student` is not a valid enum value for path `role`.","timestamp":"Mar-09-2024 20:39:18"}
{"level":"error","message":"User validation failed: role: `student` is not a valid enum value for path `role`.","timestamp":"Mar-09-2024 20:39:18"}
{"level":"error","message":"User validation failed: role: `student` is not a valid enum value for path `role`.","timestamp":"Mar-09-2024 20:39:18"}
{"level":"error","message":"User validation failed: role: `student` is not a valid enum value for path `role`.","timestamp":"Mar-09-2024 20:39:19"}
{"level":"error","message":"User validation failed: role: `student` is not a valid enum value for path `role`.","timestamp":"Mar-09-2024 20:39:19"}
{"level":"error","message":"User validation failed: role: `student` is not a valid enum value for path `role`.","timestamp":"Mar-09-2024 20:39:19"}
{"level":"error","message":"User validation failed: role: `student` is not a valid enum value for path `role`.","timestamp":"Mar-09-2024 20:39:20"}
{"level":"error","message":"User validation failed: role: `student` is not a valid enum value for path `role`.","timestamp":"Mar-09-2024 20:39:20"}
{"level":"error","message":"User validation failed: role: `student` is not a valid enum value for path `role`.","timestamp":"Mar-09-2024 20:39:21"}
{"level":"error","message":"User validation failed: role: `student` is not a valid enum value for path `role`.","timestamp":"Mar-09-2024 20:39:22"}
{"level":"error","message":"User validation failed: role: `student` is not a valid enum value for path `role`.","timestamp":"Mar-09-2024 20:39:22"}
{"level":"error","message":"User validation failed: role: `student` is not a valid enum value for path `role`.","timestamp":"Mar-09-2024 20:39:22"}
{"level":"error","message":"User validation failed: role: `student` is not a valid enum value for path `role`.","timestamp":"Mar-09-2024 20:39:22"}
{"level":"error","message":"User validation failed: role: `student` is not a valid enum value for path `role`.","timestamp":"Mar-09-2024 20:39:22"}
{"level":"error","message":"User validation failed: role: `student` is not a valid enum value for path `role`.","timestamp":"Mar-09-2024 20:39:23"}
{"level":"error","message":"User validation failed: role: `student` is not a valid enum value for path `role`.","timestamp":"Mar-09-2024 20:39:23"}
{"level":"error","message":"User validation failed: role: `student` is not a valid enum value for path `role`.","timestamp":"Mar-09-2024 20:39:23"}
{"level":"error","message":"User validation failed: role: `student` is not a valid enum value for path `role`.","timestamp":"Mar-09-2024 20:39:24"}
{"level":"error","message":"User validation failed: role: `student` is not a valid enum value for path `role`.","timestamp":"Mar-09-2024 20:39:24"}
{"level":"error","message":"User validation failed: role: `student` is not a valid enum value for path `role`.","timestamp":"Mar-09-2024 20:39:25"}
{"level":"error","message":"User validation failed: role: `student` is not a valid enum value for path `role`.","timestamp":"Mar-09-2024 20:39:25"}
{"level":"error","message":"User validation failed: role: `student` is not a valid enum value for path `role`.","timestamp":"Mar-09-2024 20:39:26"}
{"level":"error","message":"User validation failed: role: `student` is not a valid enum value for path `role`.","timestamp":"Mar-09-2024 20:39:26"}
{"level":"error","message":"User validation failed: role: `student` is not a valid enum value for path `role`.","timestamp":"Mar-09-2024 20:39:27"}
{"level":"error","message":"User validation failed: role: `student` is not a valid enum value for path `role`.","timestamp":"Mar-09-2024 20:39:27"}
{"level":"error","message":"User validation failed: role: `student` is not a valid enum value for path `role`.","timestamp":"Mar-09-2024 20:39:28"}
{"level":"error","message":"User validation failed: role: `student` is not a valid enum value for path `role`.","timestamp":"Mar-09-2024 20:39:28"}
{"level":"error","message":"User validation failed: role: `student` is not a valid enum value for path `role`.","timestamp":"Mar-09-2024 20:39:28"}
{"level":"error","message":"User validation failed: role: `student` is not a valid enum value for path `role`.","timestamp":"Mar-09-2024 20:39:29"}
{"level":"error","message":"User validation failed: role: `student` is not a valid enum value for path `role`.","timestamp":"Mar-09-2024 20:39:30"}
{"level":"error","message":"User validation failed: role: `student` is not a valid enum value for path `role`.","timestamp":"Mar-09-2024 20:39:30"}
{"level":"error","message":"User validation failed: role: `student` is not a valid enum value for path `role`.","timestamp":"Mar-09-2024 20:39:31"}
{"level":"error","message":"User validation failed: role: `student` is not a valid enum value for path `role`.","timestamp":"Mar-09-2024 20:39:31"}
{"level":"error","message":"User validation failed: role: `student` is not a valid enum value for path `role`.","timestamp":"Mar-09-2024 20:39:32"}
{"level":"error","message":"User validation failed: role: `student` is not a valid enum value for path `role`.","timestamp":"Mar-09-2024 20:39:32"}
{"level":"error","message":"User validation failed: role: `student` is not a valid enum value for path `role`.","timestamp":"Mar-09-2024 20:39:32"}
